{"name":"hexo","hostname":"rhel.tk","pid":11961,"level":20,"msg":"Writing database to /home/blogs/blog/db.json","time":"2019-01-04T12:44:19.508Z","v":0}
{"name":"hexo","hostname":"rhel.tk","pid":11961,"level":20,"msg":"Hexo version: \u001b[35m3.8.0\u001b[39m","time":"2019-01-04T12:44:19.527Z","v":0}
{"name":"hexo","hostname":"rhel.tk","pid":11961,"level":20,"msg":"Working directory: \u001b[35m/home/blogs/blog/\u001b[39m","time":"2019-01-04T12:44:19.528Z","v":0}
{"name":"hexo","hostname":"rhel.tk","pid":11961,"level":20,"msg":"Config loaded: \u001b[35m/home/blogs/blog/_config.yml\u001b[39m","time":"2019-01-04T12:44:19.623Z","v":0}
{"name":"hexo","hostname":"rhel.tk","pid":11961,"level":20,"msg":"Plugin loaded: \u001b[35mhexo-generator-archive\u001b[39m","time":"2019-01-04T12:44:19.641Z","v":0}
{"name":"hexo","hostname":"rhel.tk","pid":11961,"level":20,"msg":"Plugin loaded: \u001b[35mhexo-generator-category\u001b[39m","time":"2019-01-04T12:44:19.642Z","v":0}
{"name":"hexo","hostname":"rhel.tk","pid":11961,"level":20,"msg":"Plugin loaded: \u001b[35mhexo-generator-index\u001b[39m","time":"2019-01-04T12:44:19.643Z","v":0}
{"name":"hexo","hostname":"rhel.tk","pid":11961,"level":20,"msg":"Plugin loaded: \u001b[35mhexo-generator-tag\u001b[39m","time":"2019-01-04T12:44:19.644Z","v":0}
{"name":"hexo","hostname":"rhel.tk","pid":11961,"level":20,"msg":"Plugin loaded: \u001b[35mhexo-renderer-ejs\u001b[39m","time":"2019-01-04T12:44:19.647Z","v":0}
{"name":"hexo","hostname":"rhel.tk","pid":11961,"level":20,"msg":"Plugin loaded: \u001b[35mhexo-renderer-stylus\u001b[39m","time":"2019-01-04T12:44:19.647Z","v":0}
{"name":"hexo","hostname":"rhel.tk","pid":11961,"level":20,"msg":"Plugin loaded: \u001b[35mhexo-renderer-marked\u001b[39m","time":"2019-01-04T12:44:19.652Z","v":0}
{"name":"hexo","hostname":"rhel.tk","pid":11961,"level":20,"msg":"Plugin loaded: \u001b[35mhexo-server\u001b[39m","time":"2019-01-04T12:44:19.703Z","v":0}
{"name":"hexo","hostname":"rhel.tk","pid":11961,"level":20,"msg":"Script loaded: \u001b[35mthemes/landscape/scripts/fancybox.js\u001b[39m","time":"2019-01-04T12:44:19.707Z","v":0}
{"name":"hexo","hostname":"rhel.tk","pid":11961,"level":20,"msg":"Database saved","time":"2019-01-04T12:44:19.711Z","v":0}
{"name":"hexo","hostname":"rhel.tk","pid":11983,"level":20,"msg":"Writing database to /home/blogs/blog/db.json","time":"2019-01-04T12:45:47.610Z","v":0}
{"name":"hexo","hostname":"rhel.tk","pid":11983,"level":20,"msg":"Hexo version: \u001b[35m3.8.0\u001b[39m","time":"2019-01-04T12:45:47.632Z","v":0}
{"name":"hexo","hostname":"rhel.tk","pid":11983,"level":20,"msg":"Working directory: \u001b[35m/home/blogs/blog/\u001b[39m","time":"2019-01-04T12:45:47.632Z","v":0}
{"name":"hexo","hostname":"rhel.tk","pid":11983,"level":20,"msg":"Config loaded: \u001b[35m/home/blogs/blog/_config.yml\u001b[39m","time":"2019-01-04T12:45:47.738Z","v":0}
{"name":"hexo","hostname":"rhel.tk","pid":11983,"level":20,"msg":"Plugin loaded: \u001b[35mhexo-deployer-git\u001b[39m","time":"2019-01-04T12:45:47.774Z","v":0}
{"name":"hexo","hostname":"rhel.tk","pid":11983,"level":20,"msg":"Plugin loaded: \u001b[35mhexo-generator-archive\u001b[39m","time":"2019-01-04T12:45:47.776Z","v":0}
{"name":"hexo","hostname":"rhel.tk","pid":11983,"level":20,"msg":"Plugin loaded: \u001b[35mhexo-generator-category\u001b[39m","time":"2019-01-04T12:45:47.777Z","v":0}
{"name":"hexo","hostname":"rhel.tk","pid":11983,"level":20,"msg":"Plugin loaded: \u001b[35mhexo-generator-index\u001b[39m","time":"2019-01-04T12:45:47.779Z","v":0}
{"name":"hexo","hostname":"rhel.tk","pid":11983,"level":20,"msg":"Plugin loaded: \u001b[35mhexo-generator-tag\u001b[39m","time":"2019-01-04T12:45:47.779Z","v":0}
{"name":"hexo","hostname":"rhel.tk","pid":11983,"level":20,"msg":"Plugin loaded: \u001b[35mhexo-renderer-ejs\u001b[39m","time":"2019-01-04T12:45:47.782Z","v":0}
{"name":"hexo","hostname":"rhel.tk","pid":11983,"level":20,"msg":"Plugin loaded: \u001b[35mhexo-renderer-marked\u001b[39m","time":"2019-01-04T12:45:47.787Z","v":0}
{"name":"hexo","hostname":"rhel.tk","pid":11983,"level":20,"msg":"Plugin loaded: \u001b[35mhexo-renderer-stylus\u001b[39m","time":"2019-01-04T12:45:47.788Z","v":0}
{"name":"hexo","hostname":"rhel.tk","pid":11983,"level":20,"msg":"Plugin loaded: \u001b[35mhexo-server\u001b[39m","time":"2019-01-04T12:45:47.840Z","v":0}
{"name":"hexo","hostname":"rhel.tk","pid":11983,"level":20,"msg":"Script loaded: \u001b[35mthemes/landscape/scripts/fancybox.js\u001b[39m","time":"2019-01-04T12:45:47.844Z","v":0}
{"name":"hexo","hostname":"rhel.tk","pid":11983,"level":20,"msg":"Database saved","time":"2019-01-04T12:45:47.849Z","v":0}
{"name":"hexo","hostname":"rhel.tk","pid":11995,"level":20,"msg":"Writing database to /home/blogs/blog/db.json","time":"2019-01-04T12:46:03.884Z","v":0}
{"name":"hexo","hostname":"rhel.tk","pid":11995,"level":20,"msg":"Hexo version: \u001b[35m3.8.0\u001b[39m","time":"2019-01-04T12:46:03.905Z","v":0}
{"name":"hexo","hostname":"rhel.tk","pid":11995,"level":20,"msg":"Working directory: \u001b[35m/home/blogs/blog/\u001b[39m","time":"2019-01-04T12:46:03.905Z","v":0}
{"name":"hexo","hostname":"rhel.tk","pid":11995,"level":20,"msg":"Config loaded: \u001b[35m/home/blogs/blog/_config.yml\u001b[39m","time":"2019-01-04T12:46:03.995Z","v":0}
{"name":"hexo","hostname":"rhel.tk","pid":11995,"level":20,"msg":"Plugin loaded: \u001b[35mhexo-deployer-git\u001b[39m","time":"2019-01-04T12:46:04.026Z","v":0}
{"name":"hexo","hostname":"rhel.tk","pid":11995,"level":20,"msg":"Plugin loaded: \u001b[35mhexo-generator-archive\u001b[39m","time":"2019-01-04T12:46:04.028Z","v":0}
{"name":"hexo","hostname":"rhel.tk","pid":11995,"level":20,"msg":"Plugin loaded: \u001b[35mhexo-generator-category\u001b[39m","time":"2019-01-04T12:46:04.030Z","v":0}
{"name":"hexo","hostname":"rhel.tk","pid":11995,"level":20,"msg":"Plugin loaded: \u001b[35mhexo-generator-index\u001b[39m","time":"2019-01-04T12:46:04.031Z","v":0}
{"name":"hexo","hostname":"rhel.tk","pid":11995,"level":20,"msg":"Plugin loaded: \u001b[35mhexo-generator-tag\u001b[39m","time":"2019-01-04T12:46:04.031Z","v":0}
{"name":"hexo","hostname":"rhel.tk","pid":11995,"level":20,"msg":"Plugin loaded: \u001b[35mhexo-renderer-ejs\u001b[39m","time":"2019-01-04T12:46:04.034Z","v":0}
{"name":"hexo","hostname":"rhel.tk","pid":11995,"level":20,"msg":"Plugin loaded: \u001b[35mhexo-renderer-marked\u001b[39m","time":"2019-01-04T12:46:04.039Z","v":0}
{"name":"hexo","hostname":"rhel.tk","pid":11995,"level":20,"msg":"Plugin loaded: \u001b[35mhexo-renderer-stylus\u001b[39m","time":"2019-01-04T12:46:04.039Z","v":0}
{"name":"hexo","hostname":"rhel.tk","pid":11995,"level":20,"msg":"Plugin loaded: \u001b[35mhexo-server\u001b[39m","time":"2019-01-04T12:46:04.088Z","v":0}
{"name":"hexo","hostname":"rhel.tk","pid":11995,"level":20,"msg":"Script loaded: \u001b[35mthemes/landscape/scripts/fancybox.js\u001b[39m","time":"2019-01-04T12:46:04.093Z","v":0}
{"name":"hexo","hostname":"rhel.tk","pid":11995,"level":20,"msg":"Database saved","time":"2019-01-04T12:46:04.097Z","v":0}
